{"/Users/pedroaugusto/Documents/site_1.0/site-rh-cursos/src/lib/auth.ts": {"path":"/Users/pedroaugusto/Documents/site_1.0/site-rh-cursos/src/lib/auth.ts","statementMap":{"0":{"start":{"line":9,"column":30},"end":{"line":9,"column":null}},"1":{"start":{"line":12,"column":17},"end":{"line":12,"column":null}},"2":{"start":{"line":14,"column":2},"end":{"line":24,"column":null}},"3":{"start":{"line":15,"column":4},"end":{"line":19,"column":null}},"4":{"start":{"line":16,"column":6},"end":{"line":18,"column":null}},"5":{"start":{"line":20,"column":4},"end":{"line":22,"column":null}},"6":{"start":{"line":23,"column":4},"end":{"line":23,"column":null}},"7":{"start":{"line":26,"column":2},"end":{"line":30,"column":null}},"8":{"start":{"line":27,"column":4},"end":{"line":29,"column":null}},"9":{"start":{"line":32,"column":2},"end":{"line":32,"column":null}},"10":{"start":{"line":35,"column":30},"end":{"line":35,"column":null}},"11":{"start":{"line":38,"column":2},"end":{"line":40,"column":null}},"12":{"start":{"line":39,"column":4},"end":{"line":39,"column":null}},"13":{"start":{"line":42,"column":23},"end":{"line":42,"column":null}},"14":{"start":{"line":43,"column":2},"end":{"line":51,"column":null}},"15":{"start":{"line":44,"column":4},"end":{"line":46,"column":null}},"16":{"start":{"line":45,"column":6},"end":{"line":45,"column":null}},"17":{"start":{"line":47,"column":4},"end":{"line":49,"column":null}},"18":{"start":{"line":50,"column":4},"end":{"line":50,"column":null}},"19":{"start":{"line":53,"column":2},"end":{"line":60,"column":null}},"20":{"start":{"line":63,"column":25},"end":{"line":63,"column":null}},"21":{"start":{"line":67,"column":4},"end":{"line":69,"column":null}},"22":{"start":{"line":71,"column":2},"end":{"line":71,"column":null}},"23":{"start":{"line":75,"column":21},"end":{"line":75,"column":null}},"24":{"start":{"line":76,"column":17},"end":{"line":76,"column":null}},"25":{"start":{"line":77,"column":2},"end":{"line":77,"column":null}},"26":{"start":{"line":81,"column":14},"end":{"line":87,"column":null}},"27":{"start":{"line":88,"column":20},"end":{"line":88,"column":null}},"28":{"start":{"line":89,"column":2},"end":{"line":89,"column":null}},"29":{"start":{"line":93,"column":2},"end":{"line":93,"column":null}},"30":{"start":{"line":93,"column":29},"end":{"line":93,"column":null}},"31":{"start":{"line":94,"column":17},"end":{"line":94,"column":null}},"32":{"start":{"line":95,"column":2},"end":{"line":97,"column":null}},"33":{"start":{"line":95,"column":15},"end":{"line":95,"column":18}},"34":{"start":{"line":96,"column":4},"end":{"line":96,"column":null}},"35":{"start":{"line":98,"column":2},"end":{"line":98,"column":null}},"36":{"start":{"line":102,"column":2},"end":{"line":102,"column":null}},"37":{"start":{"line":106,"column":18},"end":{"line":106,"column":null}},"38":{"start":{"line":107,"column":20},"end":{"line":107,"column":null}},"39":{"start":{"line":108,"column":2},"end":{"line":108,"column":null}},"40":{"start":{"line":112,"column":2},"end":{"line":112,"column":null}},"41":{"start":{"line":112,"column":14},"end":{"line":112,"column":null}},"42":{"start":{"line":114,"column":31},"end":{"line":114,"column":null}},"43":{"start":{"line":115,"column":2},"end":{"line":115,"column":null}},"44":{"start":{"line":115,"column":30},"end":{"line":115,"column":null}},"45":{"start":{"line":117,"column":28},"end":{"line":117,"column":null}},"46":{"start":{"line":118,"column":2},"end":{"line":118,"column":null}},"47":{"start":{"line":118,"column":54},"end":{"line":118,"column":null}},"48":{"start":{"line":120,"column":17},"end":{"line":120,"column":null}},"49":{"start":{"line":121,"column":2},"end":{"line":121,"column":null}},"50":{"start":{"line":121,"column":70},"end":{"line":121,"column":null}},"51":{"start":{"line":123,"column":2},"end":{"line":127,"column":null}},"52":{"start":{"line":131,"column":2},"end":{"line":136,"column":null}},"53":{"start":{"line":133,"column":6},"end":{"line":135,"column":null}}},"fnMap":{"0":{"name":"getSessionSecret","decl":{"start":{"line":11,"column":16},"end":{"line":11,"column":43}},"loc":{"start":{"line":11,"column":43},"end":{"line":33,"column":null}},"line":11},"1":{"name":"getDemoUsers","decl":{"start":{"line":37,"column":9},"end":{"line":37,"column":67}},"loc":{"start":{"line":37,"column":67},"end":{"line":61,"column":null}},"line":37},"2":{"name":"toBase64Url","decl":{"start":{"line":65,"column":9},"end":{"line":65,"column":21}},"loc":{"start":{"line":65,"column":50},"end":{"line":72,"column":null}},"line":65},"3":{"name":"fromBase64Url","decl":{"start":{"line":74,"column":9},"end":{"line":74,"column":23}},"loc":{"start":{"line":74,"column":38},"end":{"line":78,"column":null}},"line":74},"4":{"name":"signPayload","decl":{"start":{"line":80,"column":15},"end":{"line":80,"column":27}},"loc":{"start":{"line":80,"column":44},"end":{"line":90,"column":null}},"line":80},"5":{"name":"timingSafeEqual","decl":{"start":{"line":92,"column":9},"end":{"line":92,"column":25}},"loc":{"start":{"line":92,"column":56},"end":{"line":99,"column":null}},"line":92},"6":{"name":"isDashboardRole","decl":{"start":{"line":101,"column":9},"end":{"line":101,"column":25}},"loc":{"start":{"line":101,"column":65},"end":{"line":103,"column":null}},"line":101},"7":{"name":"encodeSession","decl":{"start":{"line":105,"column":22},"end":{"line":105,"column":36}},"loc":{"start":{"line":105,"column":58},"end":{"line":109,"column":null}},"line":105},"8":{"name":"decodeSession","decl":{"start":{"line":111,"column":22},"end":{"line":111,"column":36}},"loc":{"start":{"line":111,"column":81},"end":{"line":128,"column":null}},"line":111},"9":{"name":"findDemoUser","decl":{"start":{"line":130,"column":16},"end":{"line":130,"column":29}},"loc":{"start":{"line":130,"column":76},"end":{"line":137,"column":null}},"line":130},"10":{"name":"(anonymous_10)","decl":{"start":{"line":131,"column":19},"end":{"line":131,"column":null}},"loc":{"start":{"line":133,"column":6},"end":{"line":135,"column":null}},"line":133}},"branchMap":{"0":{"loc":{"start":{"line":14,"column":2},"end":{"line":24,"column":null}},"type":"if","locations":[{"start":{"line":14,"column":2},"end":{"line":24,"column":null}},{"start":{},"end":{}}],"line":14},"1":{"loc":{"start":{"line":15,"column":4},"end":{"line":19,"column":null}},"type":"if","locations":[{"start":{"line":15,"column":4},"end":{"line":19,"column":null}},{"start":{},"end":{}}],"line":15},"2":{"loc":{"start":{"line":26,"column":2},"end":{"line":30,"column":null}},"type":"if","locations":[{"start":{"line":26,"column":2},"end":{"line":30,"column":null}},{"start":{},"end":{}}],"line":26},"3":{"loc":{"start":{"line":38,"column":2},"end":{"line":40,"column":null}},"type":"if","locations":[{"start":{"line":38,"column":2},"end":{"line":40,"column":null}},{"start":{},"end":{}}],"line":38},"4":{"loc":{"start":{"line":43,"column":2},"end":{"line":51,"column":null}},"type":"if","locations":[{"start":{"line":43,"column":2},"end":{"line":51,"column":null}},{"start":{},"end":{}}],"line":43},"5":{"loc":{"start":{"line":44,"column":4},"end":{"line":46,"column":null}},"type":"if","locations":[{"start":{"line":44,"column":4},"end":{"line":46,"column":null}},{"start":{},"end":{}}],"line":44},"6":{"loc":{"start":{"line":67,"column":4},"end":{"line":69,"column":null}},"type":"cond-expr","locations":[{"start":{"line":68,"column":8},"end":{"line":68,"column":null}},{"start":{"line":69,"column":8},"end":{"line":69,"column":null}}],"line":67},"7":{"loc":{"start":{"line":93,"column":2},"end":{"line":93,"column":null}},"type":"if","locations":[{"start":{"line":93,"column":2},"end":{"line":93,"column":null}},{"start":{},"end":{}}],"line":93},"8":{"loc":{"start":{"line":112,"column":2},"end":{"line":112,"column":null}},"type":"if","locations":[{"start":{"line":112,"column":2},"end":{"line":112,"column":null}},{"start":{},"end":{}}],"line":112},"9":{"loc":{"start":{"line":115,"column":2},"end":{"line":115,"column":null}},"type":"if","locations":[{"start":{"line":115,"column":2},"end":{"line":115,"column":null}},{"start":{},"end":{}}],"line":115},"10":{"loc":{"start":{"line":115,"column":6},"end":{"line":115,"column":30}},"type":"binary-expr","locations":[{"start":{"line":115,"column":6},"end":{"line":115,"column":18}},{"start":{"line":115,"column":18},"end":{"line":115,"column":30}}],"line":115},"11":{"loc":{"start":{"line":118,"column":2},"end":{"line":118,"column":null}},"type":"if","locations":[{"start":{"line":118,"column":2},"end":{"line":118,"column":null}},{"start":{},"end":{}}],"line":118},"12":{"loc":{"start":{"line":121,"column":2},"end":{"line":121,"column":null}},"type":"if","locations":[{"start":{"line":121,"column":2},"end":{"line":121,"column":null}},{"start":{},"end":{}}],"line":121},"13":{"loc":{"start":{"line":121,"column":6},"end":{"line":121,"column":70}},"type":"binary-expr","locations":[{"start":{"line":121,"column":6},"end":{"line":121,"column":39}},{"start":{"line":121,"column":39},"end":{"line":121,"column":56}},{"start":{"line":121,"column":56},"end":{"line":121,"column":70}}],"line":121},"14":{"loc":{"start":{"line":133,"column":6},"end":{"line":135,"column":null}},"type":"binary-expr","locations":[{"start":{"line":133,"column":6},"end":{"line":133,"column":null}},{"start":{"line":134,"column":6},"end":{"line":134,"column":null}},{"start":{"line":135,"column":6},"end":{"line":135,"column":null}}],"line":133}},"s":{"0":3,"1":9,"2":9,"3":6,"4":1,"5":5,"6":5,"7":3,"8":1,"9":2,"10":3,"11":3,"12":0,"13":3,"14":3,"15":3,"16":3,"17":0,"18":0,"19":0,"20":3,"21":13,"22":13,"23":3,"24":3,"25":3,"26":9,"27":9,"28":9,"29":5,"30":2,"31":3,"32":3,"33":3,"34":129,"35":3,"36":3,"37":4,"38":4,"39":4,"40":7,"41":2,"42":5,"43":5,"44":0,"45":5,"46":5,"47":2,"48":3,"49":3,"50":1,"51":2,"52":0,"53":0},"f":{"0":9,"1":3,"2":13,"3":3,"4":9,"5":5,"6":3,"7":4,"8":7,"9":0,"10":0},"b":{"0":[6,3],"1":[1,5],"2":[1,2],"3":[0,3],"4":[3,0],"5":[3,0],"6":[4,9],"7":[2,3],"8":[2,5],"9":[0,5],"10":[5,5],"11":[2,3],"12":[1,2],"13":[3,3,2],"14":[0,0,0]},"meta":{"lastBranch":15,"lastFunction":11,"lastStatement":54,"seen":{"s:9:30:9:Infinity":0,"f:11:16:11:43":0,"s:12:17:12:Infinity":1,"b:14:2:24:Infinity:undefined:undefined:undefined:undefined":0,"s:14:2:24:Infinity":2,"b:15:4:19:Infinity:undefined:undefined:undefined:undefined":1,"s:15:4:19:Infinity":3,"s:16:6:18:Infinity":4,"s:20:4:22:Infinity":5,"s:23:4:23:Infinity":6,"b:26:2:30:Infinity:undefined:undefined:undefined:undefined":2,"s:26:2:30:Infinity":7,"s:27:4:29:Infinity":8,"s:32:2:32:Infinity":9,"s:35:30:35:Infinity":10,"f:37:9:37:67":1,"b:38:2:40:Infinity:undefined:undefined:undefined:undefined":3,"s:38:2:40:Infinity":11,"s:39:4:39:Infinity":12,"s:42:23:42:Infinity":13,"b:43:2:51:Infinity:undefined:undefined:undefined:undefined":4,"s:43:2:51:Infinity":14,"b:44:4:46:Infinity:undefined:undefined:undefined:undefined":5,"s:44:4:46:Infinity":15,"s:45:6:45:Infinity":16,"s:47:4:49:Infinity":17,"s:50:4:50:Infinity":18,"s:53:2:60:Infinity":19,"s:63:25:63:Infinity":20,"f:65:9:65:21":2,"s:67:4:69:Infinity":21,"b:68:8:68:Infinity:69:8:69:Infinity":6,"s:71:2:71:Infinity":22,"f:74:9:74:23":3,"s:75:21:75:Infinity":23,"s:76:17:76:Infinity":24,"s:77:2:77:Infinity":25,"f:80:15:80:27":4,"s:81:14:87:Infinity":26,"s:88:20:88:Infinity":27,"s:89:2:89:Infinity":28,"f:92:9:92:25":5,"b:93:2:93:Infinity:undefined:undefined:undefined:undefined":7,"s:93:2:93:Infinity":29,"s:93:29:93:Infinity":30,"s:94:17:94:Infinity":31,"s:95:2:97:Infinity":32,"s:95:15:95:18":33,"s:96:4:96:Infinity":34,"s:98:2:98:Infinity":35,"f:101:9:101:25":6,"s:102:2:102:Infinity":36,"f:105:22:105:36":7,"s:106:18:106:Infinity":37,"s:107:20:107:Infinity":38,"s:108:2:108:Infinity":39,"f:111:22:111:36":8,"b:112:2:112:Infinity:undefined:undefined:undefined:undefined":8,"s:112:2:112:Infinity":40,"s:112:14:112:Infinity":41,"s:114:31:114:Infinity":42,"b:115:2:115:Infinity:undefined:undefined:undefined:undefined":9,"s:115:2:115:Infinity":43,"b:115:6:115:18:115:18:115:30":10,"s:115:30:115:Infinity":44,"s:117:28:117:Infinity":45,"b:118:2:118:Infinity:undefined:undefined:undefined:undefined":11,"s:118:2:118:Infinity":46,"s:118:54:118:Infinity":47,"s:120:17:120:Infinity":48,"b:121:2:121:Infinity:undefined:undefined:undefined:undefined":12,"s:121:2:121:Infinity":49,"b:121:6:121:39:121:39:121:56:121:56:121:70":13,"s:121:70:121:Infinity":50,"s:123:2:127:Infinity":51,"f:130:16:130:29":9,"s:131:2:136:Infinity":52,"f:131:19:131:Infinity":10,"s:133:6:135:Infinity":53,"b:133:6:133:Infinity:134:6:134:Infinity:135:6:135:Infinity":14},"fnNames":{}}}
,"/Users/pedroaugusto/Documents/site_1.0/site-rh-cursos/src/lib/company.ts": {"path":"/Users/pedroaugusto/Documents/site_1.0/site-rh-cursos/src/lib/company.ts","statementMap":{"0":{"start":{"line":1,"column":23},"end":{"line":27,"column":null}}},"fnMap":{},"branchMap":{},"s":{"0":4},"f":{},"b":{},"meta":{"lastBranch":0,"lastFunction":0,"lastStatement":1,"seen":{"s:1:23:27:Infinity":0},"fnNames":{}}}
,"/Users/pedroaugusto/Documents/site_1.0/site-rh-cursos/src/lib/utils.ts": {"path":"/Users/pedroaugusto/Documents/site_1.0/site-rh-cursos/src/lib/utils.ts","statementMap":{"0":{"start":{"line":5,"column":2},"end":{"line":5,"column":null}},"1":{"start":{"line":9,"column":2},"end":{"line":14,"column":null}},"2":{"start":{"line":18,"column":2},"end":{"line":21,"column":null}},"3":{"start":{"line":25,"column":2},"end":{"line":29,"column":null}},"4":{"start":{"line":33,"column":2},"end":{"line":33,"column":null}},"5":{"start":{"line":33,"column":34},"end":{"line":33,"column":57}}},"fnMap":{"0":{"name":"cn","decl":{"start":{"line":4,"column":16},"end":{"line":4,"column":19}},"loc":{"start":{"line":4,"column":44},"end":{"line":6,"column":null}},"line":4},"1":{"name":"slugify","decl":{"start":{"line":8,"column":16},"end":{"line":8,"column":24}},"loc":{"start":{"line":8,"column":39},"end":{"line":15,"column":null}},"line":8},"2":{"name":"currency","decl":{"start":{"line":17,"column":16},"end":{"line":17,"column":25}},"loc":{"start":{"line":17,"column":40},"end":{"line":22,"column":null}},"line":17},"3":{"name":"formatDate","decl":{"start":{"line":24,"column":16},"end":{"line":24,"column":27}},"loc":{"start":{"line":24,"column":41},"end":{"line":30,"column":null}},"line":24},"4":{"name":"delay","decl":{"start":{"line":32,"column":16},"end":{"line":32,"column":22}},"loc":{"start":{"line":32,"column":34},"end":{"line":34,"column":null}},"line":32},"5":{"name":"(anonymous_5)","decl":{"start":{"line":33,"column":13},"end":{"line":33,"column":22}},"loc":{"start":{"line":33,"column":34},"end":{"line":33,"column":57}},"line":33}},"branchMap":{},"s":{"0":37,"1":36,"2":15,"3":15,"4":11,"5":11},"f":{"0":37,"1":36,"2":15,"3":15,"4":11,"5":11},"b":{},"meta":{"lastBranch":0,"lastFunction":6,"lastStatement":6,"seen":{"f:4:16:4:19":0,"s:5:2:5:Infinity":0,"f:8:16:8:24":1,"s:9:2:14:Infinity":1,"f:17:16:17:25":2,"s:18:2:21:Infinity":2,"f:24:16:24:27":3,"s:25:2:29:Infinity":3,"f:32:16:32:22":4,"s:33:2:33:Infinity":4,"f:33:13:33:22":5,"s:33:34:33:57":5},"fnNames":{}}}
,"/Users/pedroaugusto/Documents/site_1.0/site-rh-cursos/src/lib/validation.ts": {"path":"/Users/pedroaugusto/Documents/site_1.0/site-rh-cursos/src/lib/validation.ts","statementMap":{"0":{"start":{"line":4,"column":20},"end":{"line":4,"column":null}},"1":{"start":{"line":7,"column":18},"end":{"line":10,"column":null}},"2":{"start":{"line":10,"column":22},"end":{"line":10,"column":44}},"3":{"start":{"line":13,"column":20},"end":{"line":16,"column":null}},"4":{"start":{"line":16,"column":22},"end":{"line":16,"column":44}},"5":{"start":{"line":18,"column":25},"end":{"line":23,"column":null}},"6":{"start":{"line":26,"column":32},"end":{"line":54,"column":null}},"7":{"start":{"line":31,"column":24},"end":{"line":31,"column":34}},"8":{"start":{"line":41,"column":24},"end":{"line":41,"column":34}},"9":{"start":{"line":46,"column":24},"end":{"line":46,"column":34}},"10":{"start":{"line":53,"column":24},"end":{"line":53,"column":34}},"11":{"start":{"line":59,"column":33},"end":{"line":73,"column":null}},"12":{"start":{"line":64,"column":24},"end":{"line":64,"column":34}},"13":{"start":{"line":69,"column":24},"end":{"line":69,"column":34}},"14":{"start":{"line":78,"column":27},"end":{"line":81,"column":null}},"15":{"start":{"line":86,"column":34},"end":{"line":92,"column":null}},"16":{"start":{"line":97,"column":35},"end":{"line":111,"column":null}},"17":{"start":{"line":102,"column":24},"end":{"line":102,"column":34}},"18":{"start":{"line":107,"column":25},"end":{"line":107,"column":54}},"19":{"start":{"line":117,"column":2},"end":{"line":130,"column":null}},"20":{"start":{"line":118,"column":26},"end":{"line":118,"column":null}},"21":{"start":{"line":119,"column":4},"end":{"line":119,"column":null}},"22":{"start":{"line":121,"column":4},"end":{"line":128,"column":null}},"23":{"start":{"line":122,"column":45},"end":{"line":122,"column":null}},"24":{"start":{"line":123,"column":6},"end":{"line":126,"column":null}},"25":{"start":{"line":124,"column":21},"end":{"line":124,"column":null}},"26":{"start":{"line":125,"column":8},"end":{"line":125,"column":null}},"27":{"start":{"line":127,"column":6},"end":{"line":127,"column":null}},"28":{"start":{"line":129,"column":4},"end":{"line":129,"column":null}}},"fnMap":{"0":{"name":"(anonymous_0)","decl":{"start":{"line":10,"column":3},"end":{"line":10,"column":14}},"loc":{"start":{"line":10,"column":22},"end":{"line":10,"column":44}},"line":10},"1":{"name":"(anonymous_1)","decl":{"start":{"line":16,"column":3},"end":{"line":16,"column":14}},"loc":{"start":{"line":16,"column":22},"end":{"line":16,"column":44}},"line":16},"2":{"name":"(anonymous_2)","decl":{"start":{"line":31,"column":5},"end":{"line":31,"column":16}},"loc":{"start":{"line":31,"column":24},"end":{"line":31,"column":34}},"line":31},"3":{"name":"(anonymous_3)","decl":{"start":{"line":41,"column":5},"end":{"line":41,"column":16}},"loc":{"start":{"line":41,"column":24},"end":{"line":41,"column":34}},"line":41},"4":{"name":"(anonymous_4)","decl":{"start":{"line":46,"column":5},"end":{"line":46,"column":16}},"loc":{"start":{"line":46,"column":24},"end":{"line":46,"column":34}},"line":46},"5":{"name":"(anonymous_5)","decl":{"start":{"line":53,"column":5},"end":{"line":53,"column":16}},"loc":{"start":{"line":53,"column":24},"end":{"line":53,"column":34}},"line":53},"6":{"name":"(anonymous_6)","decl":{"start":{"line":64,"column":5},"end":{"line":64,"column":16}},"loc":{"start":{"line":64,"column":24},"end":{"line":64,"column":34}},"line":64},"7":{"name":"(anonymous_7)","decl":{"start":{"line":69,"column":5},"end":{"line":69,"column":16}},"loc":{"start":{"line":69,"column":24},"end":{"line":69,"column":34}},"line":69},"8":{"name":"(anonymous_8)","decl":{"start":{"line":102,"column":5},"end":{"line":102,"column":16}},"loc":{"start":{"line":102,"column":24},"end":{"line":102,"column":34}},"line":102},"9":{"name":"(anonymous_9)","decl":{"start":{"line":107,"column":5},"end":{"line":107,"column":16}},"loc":{"start":{"line":107,"column":25},"end":{"line":107,"column":54}},"line":107},"10":{"name":"validateInput","decl":{"start":{"line":116,"column":16},"end":{"line":116,"column":33}},"loc":{"start":{"line":116,"column":151},"end":{"line":131,"column":null}},"line":116},"11":{"name":"(anonymous_11)","decl":{"start":{"line":123,"column":19},"end":{"line":123,"column":28}},"loc":{"start":{"line":123,"column":36},"end":{"line":126,"column":7}},"line":123}},"branchMap":{"0":{"loc":{"start":{"line":107,"column":25},"end":{"line":107,"column":54}},"type":"cond-expr","locations":[{"start":{"line":107,"column":31},"end":{"line":107,"column":44}},{"start":{"line":107,"column":44},"end":{"line":107,"column":54}}],"line":107},"1":{"loc":{"start":{"line":121,"column":4},"end":{"line":128,"column":null}},"type":"if","locations":[{"start":{"line":121,"column":4},"end":{"line":128,"column":null}},{"start":{},"end":{}}],"line":121}},"s":{"0":4,"1":4,"2":30,"3":4,"4":32,"5":4,"6":4,"7":28,"8":33,"9":33,"10":32,"11":4,"12":4,"13":7,"14":4,"15":4,"16":4,"17":11,"18":14,"19":7,"20":7,"21":7,"22":4,"23":4,"24":4,"25":13,"26":13,"27":4,"28":0},"f":{"0":30,"1":32,"2":28,"3":33,"4":33,"5":32,"6":4,"7":7,"8":11,"9":14,"10":7,"11":13},"b":{"0":[1,13],"1":[4,0]},"meta":{"lastBranch":2,"lastFunction":12,"lastStatement":29,"seen":{"s:4:20:4:Infinity":0,"s:7:18:10:Infinity":1,"f:10:3:10:14":0,"s:10:22:10:44":2,"s:13:20:16:Infinity":3,"f:16:3:16:14":1,"s:16:22:16:44":4,"s:18:25:23:Infinity":5,"s:26:32:54:Infinity":6,"f:31:5:31:16":2,"s:31:24:31:34":7,"f:41:5:41:16":3,"s:41:24:41:34":8,"f:46:5:46:16":4,"s:46:24:46:34":9,"f:53:5:53:16":5,"s:53:24:53:34":10,"s:59:33:73:Infinity":11,"f:64:5:64:16":6,"s:64:24:64:34":12,"f:69:5:69:16":7,"s:69:24:69:34":13,"s:78:27:81:Infinity":14,"s:86:34:92:Infinity":15,"s:97:35:111:Infinity":16,"f:102:5:102:16":8,"s:102:24:102:34":17,"f:107:5:107:16":9,"s:107:25:107:54":18,"b:107:31:107:44:107:44:107:54":0,"f:116:16:116:33":10,"s:117:2:130:Infinity":19,"s:118:26:118:Infinity":20,"s:119:4:119:Infinity":21,"b:121:4:128:Infinity:undefined:undefined:undefined:undefined":1,"s:121:4:128:Infinity":22,"s:122:45:122:Infinity":23,"s:123:6:126:Infinity":24,"f:123:19:123:28":11,"s:124:21:124:Infinity":25,"s:125:8:125:Infinity":26,"s:127:6:127:Infinity":27,"s:129:4:129:Infinity":28},"fnNames":{}}}
}
