TN:
SF:src/lib/auth.ts
FN:11,getSessionSecret
FN:37,getDemoUsers
FN:65,toBase64Url
FN:74,fromBase64Url
FN:80,signPayload
FN:92,timingSafeEqual
FN:101,isDashboardRole
FN:105,encodeSession
FN:111,decodeSession
FN:130,findDemoUser
FN:131,(anonymous_10)
FNF:11
FNH:9
FNDA:9,getSessionSecret
FNDA:3,getDemoUsers
FNDA:13,toBase64Url
FNDA:3,fromBase64Url
FNDA:9,signPayload
FNDA:5,timingSafeEqual
FNDA:3,isDashboardRole
FNDA:4,encodeSession
FNDA:7,decodeSession
FNDA:0,findDemoUser
FNDA:0,(anonymous_10)
DA:9,3
DA:12,9
DA:14,9
DA:15,6
DA:16,1
DA:20,5
DA:23,5
DA:26,3
DA:27,1
DA:32,2
DA:35,3
DA:38,3
DA:39,0
DA:42,3
DA:43,3
DA:44,3
DA:45,3
DA:47,0
DA:50,0
DA:53,0
DA:63,3
DA:67,13
DA:71,13
DA:75,3
DA:76,3
DA:77,3
DA:81,9
DA:88,9
DA:89,9
DA:93,5
DA:94,3
DA:95,3
DA:96,129
DA:98,3
DA:102,3
DA:106,4
DA:107,4
DA:108,4
DA:112,7
DA:114,5
DA:115,5
DA:117,5
DA:118,5
DA:120,3
DA:121,3
DA:123,2
DA:131,0
DA:133,0
LF:48
LH:42
BRDA:14,0,0,6
BRDA:14,0,1,3
BRDA:15,1,0,1
BRDA:15,1,1,5
BRDA:26,2,0,1
BRDA:26,2,1,2
BRDA:38,3,0,0
BRDA:38,3,1,3
BRDA:43,4,0,3
BRDA:43,4,1,0
BRDA:44,5,0,3
BRDA:44,5,1,0
BRDA:67,6,0,4
BRDA:67,6,1,9
BRDA:93,7,0,2
BRDA:93,7,1,3
BRDA:112,8,0,2
BRDA:112,8,1,5
BRDA:115,9,0,0
BRDA:115,9,1,5
BRDA:115,10,0,5
BRDA:115,10,1,5
BRDA:118,11,0,2
BRDA:118,11,1,3
BRDA:121,12,0,1
BRDA:121,12,1,2
BRDA:121,13,0,3
BRDA:121,13,1,3
BRDA:121,13,2,2
BRDA:133,14,0,0
BRDA:133,14,1,0
BRDA:133,14,2,0
BRF:32
BRH:25
end_of_record
TN:
SF:src/lib/company.ts
FNF:0
FNH:0
DA:1,4
LF:1
LH:1
BRF:0
BRH:0
end_of_record
TN:
SF:src/lib/utils.ts
FN:4,cn
FN:8,slugify
FN:17,currency
FN:24,formatDate
FN:32,delay
FN:33,(anonymous_5)
FNF:6
FNH:6
FNDA:37,cn
FNDA:36,slugify
FNDA:15,currency
FNDA:15,formatDate
FNDA:11,delay
FNDA:11,(anonymous_5)
DA:5,37
DA:9,36
DA:18,15
DA:25,15
DA:33,11
LF:5
LH:5
BRF:0
BRH:0
end_of_record
TN:
SF:src/lib/validation.ts
FN:10,(anonymous_0)
FN:16,(anonymous_1)
FN:31,(anonymous_2)
FN:41,(anonymous_3)
FN:46,(anonymous_4)
FN:53,(anonymous_5)
FN:64,(anonymous_6)
FN:69,(anonymous_7)
FN:102,(anonymous_8)
FN:107,(anonymous_9)
FN:116,validateInput
FN:123,(anonymous_11)
FNF:12
FNH:12
FNDA:30,(anonymous_0)
FNDA:32,(anonymous_1)
FNDA:28,(anonymous_2)
FNDA:33,(anonymous_3)
FNDA:33,(anonymous_4)
FNDA:32,(anonymous_5)
FNDA:4,(anonymous_6)
FNDA:7,(anonymous_7)
FNDA:11,(anonymous_8)
FNDA:14,(anonymous_9)
FNDA:7,validateInput
FNDA:13,(anonymous_11)
DA:4,4
DA:7,4
DA:10,30
DA:13,4
DA:16,32
DA:18,4
DA:26,4
DA:31,28
DA:41,33
DA:46,33
DA:53,32
DA:59,4
DA:64,4
DA:69,7
DA:78,4
DA:86,4
DA:97,4
DA:102,11
DA:107,14
DA:117,7
DA:118,7
DA:119,7
DA:121,4
DA:122,4
DA:123,4
DA:124,13
DA:125,13
DA:127,4
DA:129,0
LF:29
LH:28
BRDA:107,0,0,1
BRDA:107,0,1,13
BRDA:121,1,0,4
BRDA:121,1,1,0
BRF:4
BRH:3
end_of_record
